{
  "RSpec": {
    "coverage": {
      "/Users/preetiudas/projects/battle/app.rb": [
        1,
        1,
        1,
        null,
        null,
        1,
        1,
        1,
        1,
        1,
        null,
        1,
        1,
        null,
        null,
        1,
        4,
        null,
        null,
        1,
        4,
        4,
        4,
        null,
        null,
        1,
        5,
        5,
        5,
        null,
        null,
        1,
        0,
        null,
        null,
        1,
        2,
        2,
        2,
        2,
        null,
        null,
        1,
        null
      ],
      "/Users/preetiudas/projects/battle/lib/player.rb": [
        1,
        null,
        1,
        1,
        12,
        12,
        null,
        null,
        1,
        39,
        null,
        null,
        1,
        13,
        null,
        null,
        1,
        4,
        null,
        null,
        1,
        3,
        null,
        null,
        null
      ],
      "/Users/preetiudas/projects/battle/lib/game.rb": [
        1,
        null,
        1,
        null,
        1,
        0,
        null,
        null,
        null
      ],
      "/Users/preetiudas/projects/battle/spec/features/accept_playername_display_spec.rb": [
        1,
        null,
        1,
        1,
        1,
        1,
        null,
        null,
        null,
        null
      ],
      "/Users/preetiudas/projects/battle/spec/features/attack_player_spec.rb": [
        1,
        1,
        1,
        1,
        1,
        null,
        null
      ],
      "/Users/preetiudas/projects/battle/spec/features/hit_points_spec.rb": [
        1,
        1,
        1,
        1,
        1,
        1,
        1,
        null,
        null
      ],
      "/Users/preetiudas/projects/battle/spec/features/reduce_points_spec.rb": [
        1,
        null,
        1,
        null,
        1,
        1,
        1,
        1,
        1,
        1,
        null,
        null,
        null
      ],
      "/Users/preetiudas/projects/battle/spec/features/testing_infrastructure_spec.rb": [
        1,
        null,
        1,
        1,
        1,
        1,
        null,
        null
      ],
      "/Users/preetiudas/projects/battle/spec/game_spec.rb": [
        1,
        null,
        1,
        null,
        2,
        2,
        null,
        1,
        1,
        1,
        null,
        null,
        null
      ],
      "/Users/preetiudas/projects/battle/lib/Game.rb": [
        1,
        null,
        1,
        null,
        1,
        3,
        null,
        null,
        null
      ],
      "/Users/preetiudas/projects/battle/spec/player_spec.rb": [
        1,
        null,
        1,
        null,
        5,
        1,
        null,
        1,
        1,
        null,
        null,
        1,
        1,
        null,
        null,
        1,
        1,
        1,
        null,
        null,
        1,
        1,
        1,
        null,
        null,
        null
      ]
    },
    "timestamp": 1539790208
  }
}
