{
  "RSpec": {
    "coverage": {
      "/Users/preetiudas/projects/battle/spec/features/accept_playername_display_spec.rb": [
        1,
        null,
        1,
        1,
        1,
        1,
        null,
        null,
        null,
        null
      ],
      "/Users/preetiudas/projects/battle/spec/features/attack_player_spec.rb": [
        1,
        1,
        1,
        1,
        1,
        null,
        null,
        1,
        1,
        1,
        1,
        1,
        null,
        null,
        null
      ],
      "/Users/preetiudas/projects/battle/spec/features/computer_opponent_spec.rb": [
        1,
        null,
        1,
        1,
        1,
        1,
        1,
        1,
        null,
        null,
        null,
        null
      ],
      "/Users/preetiudas/projects/battle/spec/features/hit_points_spec.rb": [
        1,
        null,
        1,
        1,
        1,
        1,
        1,
        1,
        null,
        null,
        1,
        1,
        1,
        1,
        1,
        1,
        null,
        null,
        null
      ],
      "/Users/preetiudas/projects/battle/spec/features/lose_game_spec.rb": [
        1,
        null,
        1,
        1,
        1,
        1,
        19,
        19,
        null,
        1,
        null,
        null
      ],
      "/Users/preetiudas/projects/battle/spec/features/paralyse_opponent_spec.rb": [
        1,
        null,
        1,
        null,
        1,
        1,
        1,
        1,
        1,
        1,
        null,
        null,
        null
      ],
      "/Users/preetiudas/projects/battle/spec/features/random_damage_spec.rb": [
        1,
        null,
        1,
        1,
        1,
        1,
        1,
        null,
        null,
        null
      ],
      "/Users/preetiudas/projects/battle/spec/features/reduce_points_spec.rb": [
        1,
        null,
        1,
        null,
        1,
        1,
        1,
        1,
        null,
        null,
        null
      ],
      "/Users/preetiudas/projects/battle/spec/features/switch_turns_spec.rb": [
        1,
        null,
        1,
        null,
        1,
        1,
        1,
        1,
        1,
        null,
        null,
        null
      ],
      "/Users/preetiudas/projects/battle/spec/game_spec.rb": [
        1,
        null,
        1,
        null,
        5,
        5,
        5,
        null,
        1,
        1,
        1,
        null,
        null,
        1,
        1,
        null,
        null,
        1,
        1,
        1,
        null,
        null,
        1,
        1,
        null,
        null,
        null
      ],
      "/Users/preetiudas/projects/battle/spec/player_spec.rb": [
        1,
        null,
        1,
        null,
        6,
        1,
        null,
        1,
        1,
        null,
        null,
        1,
        1,
        null,
        null,
        1,
        1,
        1,
        1,
        null,
        null,
        1,
        1,
        1,
        1,
        null,
        null,
        1,
        1,
        1,
        1,
        null,
        null,
        null
      ]
    },
    "timestamp": 1539884181
  }
}
